[ 2016-07-01T16:28:51+08:00 ] ::1 /tp1/PublicCss/login.css
INFO: [ app_init ] --START--
INFO: Run Behavior\BuildLiteBehavior [ RunTime:0.000000s ]
INFO: [ app_init ] --END-- [ RunTime:0.000000s ]
ERR: 无法加载模块:PublicCss

[ 2016-07-01T16:28:51+08:00 ] ::1 /tp1/PublicJs/jquery-1.7.2.min.js
INFO: [ app_init ] --START--
INFO: Run Behavior\BuildLiteBehavior [ RunTime:0.000000s ]
INFO: [ app_init ] --END-- [ RunTime:0.000000s ]
ERR: 无法加载模块:PublicJs

[ 2016-07-01T16:28:51+08:00 ] ::1 /tp1/PublicCss/login.css
INFO: [ app_init ] --START--
INFO: Run Behavior\BuildLiteBehavior [ RunTime:0.000000s ]
INFO: [ app_init ] --END-- [ RunTime:0.001000s ]
ERR: 无法加载模块:PublicCss

[ 2016-07-01T16:28:51+08:00 ] ::1 /tp1/PublicJs/jquery-1.7.2.min.js
INFO: [ app_init ] --START--
INFO: Run Behavior\BuildLiteBehavior [ RunTime:0.000000s ]
INFO: [ app_init ] --END-- [ RunTime:0.000000s ]
ERR: 无法加载模块:PublicJs

[ 2016-07-01T16:28:51+08:00 ] ::1 /tp1/PublicJs/login.js
INFO: [ app_init ] --START--
INFO: Run Behavior\BuildLiteBehavior [ RunTime:0.000000s ]
INFO: [ app_init ] --END-- [ RunTime:0.000000s ]
ERR: 无法加载模块:PublicJs

[ 2016-07-01T16:28:54+08:00 ] ::1 /tp1/PublicCss/login.css
INFO: [ app_init ] --START--
INFO: Run Behavior\BuildLiteBehavior [ RunTime:0.000000s ]
INFO: [ app_init ] --END-- [ RunTime:0.001000s ]
ERR: 无法加载模块:PublicCss

[ 2016-07-01T16:28:54+08:00 ] ::1 /tp1/PublicJs/jquery-1.7.2.min.js
INFO: [ app_init ] --START--
INFO: Run Behavior\BuildLiteBehavior [ RunTime:0.000000s ]
INFO: [ app_init ] --END-- [ RunTime:0.000000s ]
ERR: 无法加载模块:PublicJs

[ 2016-07-01T16:28:54+08:00 ] ::1 /tp1/PublicJs/login.js
INFO: [ app_init ] --START--
INFO: Run Behavior\BuildLiteBehavior [ RunTime:0.000000s ]
INFO: [ app_init ] --END-- [ RunTime:0.000000s ]
ERR: 无法加载模块:PublicJs

